<?xml version="1.0" encoding="UTF-8"?>
<testng-results ignored="0" total="1" passed="1" failed="0" skipped="0">
  <reporter-output>
  </reporter-output>
  <suite started-at="2024-06-04T19:18:18 NPT" name="Default suite" finished-at="2024-06-04T19:18:24 NPT" duration-ms="5662">
    <groups>
    </groups>
    <test started-at="2024-06-04T19:18:18 NPT" name="Default test" finished-at="2024-06-04T19:18:24 NPT" duration-ms="5662">
      <class name="plineExtension.pline">
        <test-method signature="testPlineExtension()[pri:0, instance:plineExtension.pline@3835c46]" started-at="2024-06-04T19:18:18 NPT" name="testPlineExtension" finished-at="2024-06-04T19:18:24 NPT" duration-ms="5590" status="PASS">
          <reporter-output>
          </reporter-output>
        </test-method> <!-- testPlineExtension -->
      </class> <!-- plineExtension.pline -->
    </test> <!-- Default test -->
  </suite> <!-- Default suite -->
</testng-results>
